U2FsdGVkX1/Ual/uNd4x1aoSZlC1F5iLZie2tu59WhkWtyVTsNv6YBFbC+3/1y4I
sShNO7ZzvHB/wTSxBpNJliIjD8kZTmb6Q+8jlzdDMutJIZYsxYmb0R1W/Vr1t/xc
tjk579hfLO/fv/6IGKbKQzkNM5qCiYDo+ew3Fgj6Xrhs2ugVLfP660EJVH9VKS/B
NyJICjq+XTZKVn+rQHfsu6oSZlC1F5iLZie2tu59Whlpg7XTYG2xsmXAEeulvc1j
EzMJrSUhG+ZBELF//Gn557bRnCXZ2YBcKew92TeEh1Vjnjaw2Z1oicLdvGHAv2iZ
Qv26WKBaiso41O8N0KD7VUSTku7FsB/UOrbiG8BxILiIim1xrXQrvGFVCwp12DKo
jq+GfwMRYaqcIwiEiT9JYThnrDx7r5qSe7Wg2zF2VCq4TFDDoDHuoYalM8okBqji
h5BkXwVlzkb2rkY8Bxh4AQaQ76yLH+j0AO4M2mtRcN0LDtrlv6s10WlUDiBmcX0J
oDkJcWyFNbkOhVIyRWg+KyyYz3FOQrX3xYF6/Qlat3cyJ9uCq2CFORXj5S0axX9U
qID/NyC8pQQgZyuigEf82tY7rvX67toQAYEatqOnBIme1HtDJ+WYxIrFQTXVBXUQ
6k+lk4RWvfPOUszGh0maf6oSZlC1F5iLZie2tu59Whml7ydMLPWp3uVPsLXK3L0c
abIx1CRspTEVjg1HkCqvoSOxFfebWAN96SX0twz+Ew+qEmZQtReYi2YntrbufVoZ
0KYHQpaVLXiuaH/5/3RjQ//RkEXe7U99eeKEKIy6I0bNQwlGH6s6BGWqtO802cda
qhJmULUXmItmJ7a27n1aGVYP4FY+NRKDsh0fYy5IX5PSWQe7Gv1Hfwlj39QRYLLJ
cDMEVPwC1G8PJO7O+2QC51UwrEfvjwR5olY2JsPmY29QCwymppxpTy8/xgWSk46r
Beplr9BlVUUko5DKBLxF3yfTLNUaA79fQo3YW/T6kOV9HACZR28GhXde4pvY+tEd
Q9atfHdcJnNiekuSV0RJB8Aff9OikVluw7XZWdHvhzVf16c7Xg6gD1mi9v8Sl1Sp
wDvHsVD7s9Qr16hRWSEuzNJP+Ek4W0fWa7kSUaF3U3eMtfhGopYNQKgnz3MM38GF
CmcWhcOWLLSZwiWPOzJ/2Pxm3wiMa83sUI+O8T7/QEk8NuF8fPbdPPTG5iuCLpnV
opDrD4vlqLQhZi3CcLuZSWI/1Q2/HR8xhVJkzFgs01MGDGGWgdjAk5pGlFEfY/z7
dhxuUUPRWeuk8SQU/TKPenRfaVBPNbjyi5dXrJa84dMWEqa0lMcrkFqBy8kOh770
wFrfX8NyJArOlt6fckxON2bPp3+ji+VmgDRZwQ6ucVG8ATj4lrKq44BqFkUCbd9u
0ImsyTEyayCEHbfXroMLpS8w51L1JhXAl3ynQa3gc5xQCwymppxpTy8/xgWSk46r
ytPDhFm+yP6xAHgjf/lYon4RoeSdEIs6wCx7FXayw2R6PKjlfYCxl5vFP6cgc4AP
yH/ggs+Tl4BziXYmvVOleyr6jE1KUnpMbFHW/W4NK0IGcQURm9PHQOnnij80P6vb
6A6yzVtKn+w8ubLxQ4WbVW8dRZonFCOAREen9CZO5AJJSh+xl9ZCfpPWtwNNhC4y
YeclIbkb/5m/QRMf3oDuk8xUEZmV/f2jzaA+L2mNZNYmMKsQbvEketGrvYFsOVne
BgxhloHYwJOaRpRRH2P8+9Gh7jlOuhgH3sHEPLTEnVsTOL8ruZCopEQhSiDmET86
a4G4/gg0/H+gDIkYlqe0B1eUQ/wJG4NNPFHDF10uXCSYaBCqTvao8yU5MAINMZ3S
e/dllkqQA4JT7/wIh0iyG6qV+/Cye35Q25MraGtkKHe08uZLC4XjjuBGZbyndfFM
OjjVxhsAHl9OLKIAfTHFI2JcfYMGghqlXLESlRaW48pKky6KbCRcLigOex3BvcVK
yE9GG3pY9oWwWihcm5uuJJVRIvhKb1WgrpEKlWdvLh0KZxaFw5YstJnCJY87Mn/Y
/8KgB4V7JmTEvVsEmoF0H2l4pE+8D5+kyV9PAjhLOMaVMt+hkP+RbK3sViO7D2V6
gx+q2SU0mk6DYxveNZftqcAff9OikVluw7XZWdHvhzWQoz4jiIoo1OvIEP4mk3i0
mTjN9OgdZGjVWAkeM9VzcFceMDpDpZX5AL8GN4IGnOrpgKMVhupi5H4Ys9xFMYYw
n+Vh7fs1bBidMkXEaN5gGI0gotC36bV3dug5H0SyuOO5g5wW7FhVSxayEwxDnUbE
TTW6Pb/QVxfaRgKinlPBNLrv77uoJkVhwODwBnGcyVcLGAWzDmm6on6292qCJ75s
r25KhYNEHa6sl0dVnqLg8Rw9LoFqxIxIycjV0vPkpef2qGm5ZMJy8LWu9EL3hbnc
WFixvh42hVVKTNYCmiWD8i5IzY8ahn+Ko6sizm4qfyYJls4sxAU8C9Md+vcBvUQz
kTE21PfOuRdhrXMXbRBUh4EoNaAm9ZUNJXqleOF//+9dapiTpcdMOYruAxoi7Xw+
EVTWrdhXV9qcnbIX+rZ94b8JZkQ6EynLn3nJGfEtHQBNNbo9v9BXF9pGAqKeU8E0
78YELP1D2MaczNOFhziasOigsf6DVL1XNItDj5pFdgql6R1NWwERYQv0rTprYVn+
lKf1LgJmJnziYofGOPtECX4Y7rdRVQ5MKABofX+i6R335DAYng6Bp7HFTa7rFoe4
kBv5Nc1SIoaMXZo8dtfTDtd+6E3ED8O90ILnTfVwrXxvHUWaJxQjgERHp/QmTuQC
XPfEtQwsSvpt4OpbsvT4xSJ3zOF97P2ESXqlk71NelAcJTj0gx67F8fA3ykvMUEW
vKNZaHTsvUFPofgywARBwOmtVIvpinx1zNtLye203yR3VAoWQ2lPbnuvSzqDEP2s
3XjkQ5Sfgq12Ic+oyseFGYhBWcRkawOuQ2bvVgqlThmyf9vjjQyZxz3hMPJe2ojT
kp7DcVrW9QN9/vi9a9Q0iCsLbvzTB5LFOBT9cY+uRsOsK/k6+2KIf92ubLu+ivU8
xbTOzHAeiX0lC9iBDnqH6QwT+1jt9kZelCGTc8sZK/vvutdvkQ0nKKNjIcDbbYcr
JX6gvh8IGtvwBSP0OF58CiIjD8kZTmb6Q+8jlzdDMustYTntBkpo0f5l9CLvmuer
AzYssXcveldb7xUip5jzbqoSZlC1F5iLZie2tu59WhlrVt32yLcQvFzOmiezJU1P
DO31tYB4f4BEQcb0t6ezVy8KwWystnpOH9G2LOm4rX7iTvkB9AFcmqIbCFC8iT4F
e7f+MyZJDcrtK2kmAib6a4ol7vLpHOnnBnKrjmI5gFSoN+ZnrPUvUaZe4f+7yCs1
HgqsyGjhX3QEXdW0FjEJCQwAa26+tZgyV+fwoCHbBCGyf9vjjQyZxz3hMPJe2ojT
Od/9HQ91uLtJxzJ1h9C/sCjQDyY1NidZfSYqjl1F0xC8R/x2bHqGSzfX804exStt
uwqdaia6OqImfqWNZjbPkw06ZHEaGVK2Pd8wDGlT4EEgpEgisIk6wri1rEzidsuC
TzHlDG+6IH22v4pqtzAsuAmteD7i70rzmATJoVXhukiqEmZQtReYi2YntrbufVoZ
xxZnQsaVYYvRcsZ1n6Ar6GQUIZYO0sfuMLjBdSejrf+9OuGD6JMU8VCwvpczQI+N
Mq1ooccbTZWyii0MhqhcT1ALDKamnGlPLz/GBZKTjqs5JSCuoiyt+tboBNYmayzf
JH5vQEa3S5Xwz7ocTUTHzwBaiUTFvBVN0NePCA+OLslvvC+1JSkDdOcAKSMZSeyr
bt2vob8hUL1GftLUvM2JoogCbLfvuU0z37VfLq8A/LHeHmqaa9wd/c55jUeXnkj5
oDkJcWyFNbkOhVIyRWg+K+hH4J9J7KVktdrwIYfp5uSRaDMdG4LvWilLvhtNmDLC
+wmJWwzlACWFJRA97/HnhP3C6Gdkbzmf+p/fML5rLgfZih6pAsdsmveTvGzgbQ1z
NqGx+3/pkUmF+gEh0ONFsOK4n201cZLEx+oC4RpoFj5v87cJGS4lJKjcPnpjrled
+PMOF5JT4diIRxyhQ+xNClPto5Xie+P5sducVYcDvlvxivsSSX6xC1fo7eGQsj/h
XG80itAk4AaYyscLcUu350Hg3XUqwwesRd3Wiz+MKQbgBevZPMshgOjNvGq1DluG
IHv+xSYMptP4n4nXOrN+KBMZ45hbS4sGNt1xKnu6kedvHUWaJxQjgERHp/QmTuQC
eW63bsUeeBeEAtheVLnR9hMaWQiu2ZmGBpjB+mrkFzyFSmXUEJyalPQiUwJNi1dp
ol4ohaQD044JAwXbnSe7deK4n201cZLEx+oC4RpoFj4f9frcizIovn1QlUMSUljT
V/0KHteezJxShP6p662Y154pRHKxy96YUaProQ2xgsmjtYBfR+mQRaS9w4TDmxq1
OSI6CmQmqcA2nxr7WOu5hqBeHaeqwkIyp5HPrQj1K0fYvHg+OtHDMmf1PtECjxVV
K5Z7KYbBBR6jLHC49Ke0UcjB80qdFAhA5XYC1sGTJa8RN9vMKZ7uVlNrS4jQ/jja
i3dNSFnZrjV5po1ruZext2T4LMQdrWalH27kjuWc8W3SPuV75knF2WejMjG8oZUB
oDkJcWyFNbkOhVIyRWg+K/NlwVqbOx3vAdZ5LawEYQyn/MURpxH5d/XnJE26+Esr
ymf4nSdofEHAd4HlFxEwHOWTUuu3T1kKeDL1mzBTJWyOqEd9VZLN12N+VQQyOqm8
eMms99Ca1+QYwmzkj2eSsp4iFCDAVeYTyNqp8JeGcMSf5cY8egBQXg6x63Aauz1w
