U2FsdGVkX1/Ual/uNd4x1T6sLxmu0BQoyF7g6faCqmh8QfKZ+xO/hNzKRZ+YtJCq
Epp8e7XYWPws1sSS+NKgfEgMshsvu2sM9dZDyBtd/c31njNzxz+2ioSIdIuuSLzZ
b7N2CMtDKhxCidQtlpSc+e3RKo+SY03up2qyj2epBmG1gJAfFBe7DYZQtaZsMzbo
kHdQrXh+Ysf/c3W8dHQdriOa8aw7V8nmstjdguFKlIrmIXOHcuJBGkelte9K8TKX
sMbNqOpXwSocMRh1eoTHTt22fAvmTslmjNGttLrCRY9i84p2Wx20RSz4TAZa2Kg1
gf21XVwk/oC+uBohBjOZu39N+vNbXNa3096PeHoQqMgeTjRyQ50PMXd3ADR0MOyb
gY+nuha67loNDD9n3ML9dLyBJaQOnIJTd4SOau80mN3RQoI9En/sPl5/jcPHjJmp
3rnbwl0T6ivqzArXlxBZX4ZxQLvmvhJXfhe2a3cvNfB/TfrzW1zWt9Pej3h6EKjI
FJQksXJtLEuLN7vilW5C15p9Ng+ilWZJogdgiLYbKBR9VDMsZeRBzY/rSAgj749s
Vgu/+t9AEB6fpIsAoQZNsKITavn5BAiUyAbrdT07pRZF5jrCzKQ0unbh71M6M7O2
L0hq8eZOcdFabVMQcmgrTEewbbU/TgwBfQQ5sZNaGXiwkWYjT7QKSLhc7HlD8c5d
U/0+TehHXIFV4ML14271q363NXJfmFFfDRcTAqmyHEkxi6HnjSJgoKlWC7gh+gsE
yJ946/17dY+vqwCdEpHpFA3ybahzT35EteuiruWK6UQpQXqV3FnujVeOX6B3ECPH
UT2imraMNTA5/pQ2UWrnoNLSEd8/JUfPkuDB3CO0MhSv05UglAG3zhKm0w5NXgcV
MYknfCPv0dagZHcOmItpv62vpERQDKcNt9lI0Pgtb7+eh69vIE7NWXD1OQeUqjqr
mDraNreeO9wX1j26stvNd9T/8Du6TR6+xczpgMSI/lDD56VJHysVvWJ9E8p1oGta
t+gcSqsWC5tJPw2yJmhYedWgdVR6xOKZrfS6Ioyd+Q47k9AU+xt7SP6UXI8d+YlQ
bSEilz2ejAWqZdek/qf2WptM1Ko7dt3URniL9ryHva7G01L53bOWyATGROBfX4/x
CjiGkncLvS6ZvdmStIsB1ENpSUS8KxfpvJzfOd5Pg43uYXjkU7zkmCJtAtD4+b2K
z9vD7NHHQZhFL+N/nq/A+x4zXkFplLXAxbHVZu8F9at/TfrzW1zWt9Pej3h6EKjI
d/tiI2Szb6uNG2Ax58BVIFZ9tFB6Cicx657gH6+4VIAlaPL9eRL7mY8OemYgwNKu
lAVzB6UwhfNfekxbzAbHWHXzcVJ+cFuH238RjyzxZ4hm8pjpys7WtXDYFe2Fmps1
lHiEq33evEK8Fi+voww2wKiKaE4z4cvE0n2eWIisUzLBJIx0JQgAsB5m1yZzqZ1h
1g7Bx/bWzBefwjnnDz8gWgKQJkE9X+CjRG+R8b9kB+X8WXqQHqvqqstwy84/hvfj
eEZ0zfTAjr0pusOTBLwflPlPIOlNiin6+kxO6dJIfDRsKfGVDO0jU59Wp0KKmRxE
dM5W+Z91yUJihDSE4IH5q9peS6rc80GxmUyRM8AlgNZOJ5zJh+7yQ/g+PHpywZ4T
qpb+GV3aD4r62Wh6jnylDLJ+CzTZ0GmfcfoGDt2492PE9fgnsy6BUSC4fPAAT54C
qZiRIC4UhoKeUdqdlndKYSdwULFmlb0aSKwkYUQG5bR0eFUafuA0jMh8NKXyFF1q
NzO8qYhCL4itrCCT8J4pxGetcYB2LdyjEgzSTuhTnvFYInBYR7hCJLcAdJLfkI1b
zrxWLZzYZwVJ/rPeJcVpwL+AWIfKU3KzrkwuS/4oxNs=
